CRITICAL - 2024-11-04 13:27:03 --> ParseError: syntax error, unexpected token "."
in APPPATH/Controllers/Accueil.php on line 11.
 1 SYSTEMPATH/Autoloader/Autoloader.php(288): CodeIgniter\Autoloader\Autoloader->includeFile()
 2 SYSTEMPATH/Autoloader/Autoloader.php(266): CodeIgniter\Autoloader\Autoloader->loadInNamespace()
 3 [internal function]: CodeIgniter\Autoloader\Autoloader->loadClass()
 4 SYSTEMPATH/CodeIgniter.php(899): class_exists()
 5 SYSTEMPATH/CodeIgniter.php(489): CodeIgniter\CodeIgniter->startController()
 6 SYSTEMPATH/CodeIgniter.php(361): CodeIgniter\CodeIgniter->handleRequest()
 7 FCPATH/index.php(79): CodeIgniter\CodeIgniter->run()
CRITICAL - 2024-11-04 13:52:42 --> CodeIgniter\View\Exceptions\ViewException: Invalid file: "affichage_acceuil.php"
in SYSTEMPATH/Exceptions/FrameworkException.php on line 39.
 1 SYSTEMPATH/View/View.php(216): CodeIgniter\Exceptions\FrameworkException::forInvalidFile()
 2 SYSTEMPATH/Common.php(1178): CodeIgniter\View\View->render()
 3 APPPATH/Controllers/Accueil.php(10): view()
 4 SYSTEMPATH/CodeIgniter.php(941): App\Controllers\Accueil->afficher()
 5 SYSTEMPATH/CodeIgniter.php(502): CodeIgniter\CodeIgniter->runController()
 6 SYSTEMPATH/CodeIgniter.php(361): CodeIgniter\CodeIgniter->handleRequest()
 7 FCPATH/index.php(79): CodeIgniter\CodeIgniter->run()
CRITICAL - 2024-11-04 17:50:51 --> CodeIgniter\View\Exceptions\ViewException: Invalid file: "affichage_comptes.php"
in SYSTEMPATH/Exceptions/FrameworkException.php on line 39.
 1 SYSTEMPATH/View/View.php(216): CodeIgniter\Exceptions\FrameworkException::forInvalidFile()
 2 SYSTEMPATH/Common.php(1178): CodeIgniter\View\View->render()
 3 APPPATH/Controllers/Compte.php(17): view()
 4 SYSTEMPATH/CodeIgniter.php(941): App\Controllers\Compte->lister()
 5 SYSTEMPATH/CodeIgniter.php(502): CodeIgniter\CodeIgniter->runController()
 6 SYSTEMPATH/CodeIgniter.php(361): CodeIgniter\CodeIgniter->handleRequest()
 7 FCPATH/index.php(79): CodeIgniter\CodeIgniter->run()
CRITICAL - 2024-11-04 17:51:29 --> CodeIgniter\View\Exceptions\ViewException: Invalid file: "affichage_comptes.php"
in SYSTEMPATH/Exceptions/FrameworkException.php on line 39.
 1 SYSTEMPATH/View/View.php(216): CodeIgniter\Exceptions\FrameworkException::forInvalidFile()
 2 SYSTEMPATH/Common.php(1178): CodeIgniter\View\View->render()
 3 APPPATH/Controllers/Compte.php(17): view()
 4 SYSTEMPATH/CodeIgniter.php(941): App\Controllers\Compte->lister()
 5 SYSTEMPATH/CodeIgniter.php(502): CodeIgniter\CodeIgniter->runController()
 6 SYSTEMPATH/CodeIgniter.php(361): CodeIgniter\CodeIgniter->handleRequest()
 7 FCPATH/index.php(79): CodeIgniter\CodeIgniter->run()
CRITICAL - 2024-11-04 17:51:29 --> CodeIgniter\View\Exceptions\ViewException: Invalid file: "affichage_comptes.php"
in SYSTEMPATH/Exceptions/FrameworkException.php on line 39.
 1 SYSTEMPATH/View/View.php(216): CodeIgniter\Exceptions\FrameworkException::forInvalidFile()
 2 SYSTEMPATH/Common.php(1178): CodeIgniter\View\View->render()
 3 APPPATH/Controllers/Compte.php(17): view()
 4 SYSTEMPATH/CodeIgniter.php(941): App\Controllers\Compte->lister()
 5 SYSTEMPATH/CodeIgniter.php(502): CodeIgniter\CodeIgniter->runController()
 6 SYSTEMPATH/CodeIgniter.php(361): CodeIgniter\CodeIgniter->handleRequest()
 7 FCPATH/index.php(79): CodeIgniter\CodeIgniter->run()
ERROR - 2024-11-04 18:13:53 --> mysqli_sql_exception: Table 'e22406560_db2.t_actualite_act' doesn't exist in /home/2024DIFAL3/e22406560/public_html/V1/ci/system/Database/MySQLi/Connection.php:306
Stack trace:
#0 /home/2024DIFAL3/e22406560/public_html/V1/ci/system/Database/MySQLi/Connection.php(306): mysqli->query()
#1 /home/2024DIFAL3/e22406560/public_html/V1/ci/system/Database/BaseConnection.php(693): CodeIgniter\Database\MySQLi\Connection->execute()
#2 /home/2024DIFAL3/e22406560/public_html/V1/ci/system/Database/BaseConnection.php(607): CodeIgniter\Database\BaseConnection->simpleQuery()
#3 /home/2024DIFAL3/e22406560/public_html/V1/ci/app/Models/Db_model.php(22): CodeIgniter\Database\BaseConnection->query()
#4 /home/2024DIFAL3/e22406560/public_html/V1/ci/app/Controllers/Actualite.php(22): App\Models\Db_model->get_actualite()
#5 /home/2024DIFAL3/e22406560/public_html/V1/ci/system/CodeIgniter.php(941): App\Controllers\Actualite->afficher()
#6 /home/2024DIFAL3/e22406560/public_html/V1/ci/system/CodeIgniter.php(502): CodeIgniter\CodeIgniter->runController()
#7 /home/2024DIFAL3/e22406560/public_html/V1/ci/system/CodeIgniter.php(361): CodeIgniter\CodeIgniter->handleRequest()
#8 /home/2024DIFAL3/e22406560/public_html/V1/ci/public/index.php(79): CodeIgniter\CodeIgniter->run()
#9 {main}
CRITICAL - 2024-11-04 18:13:53 --> CodeIgniter\Database\Exceptions\DatabaseException: Table 'e22406560_db2.t_actualite_act' doesn't exist
in SYSTEMPATH/Database/BaseConnection.php on line 647.
 1 APPPATH/Models/Db_model.php(22): CodeIgniter\Database\BaseConnection->query()
 2 APPPATH/Controllers/Actualite.php(22): App\Models\Db_model->get_actualite()
 3 SYSTEMPATH/CodeIgniter.php(941): App\Controllers\Actualite->afficher()
 4 SYSTEMPATH/CodeIgniter.php(502): CodeIgniter\CodeIgniter->runController()
 5 SYSTEMPATH/CodeIgniter.php(361): CodeIgniter\CodeIgniter->handleRequest()
 6 FCPATH/index.php(79): CodeIgniter\CodeIgniter->run()
CRITICAL - 2024-11-04 18:13:53 --> [Caused by] CodeIgniter\Database\Exceptions\DatabaseException: Table 'e22406560_db2.t_actualite_act' doesn't exist
in SYSTEMPATH/Database/MySQLi/Connection.php on line 311.
 1 SYSTEMPATH/Database/BaseConnection.php(693): CodeIgniter\Database\MySQLi\Connection->execute()
 2 SYSTEMPATH/Database/BaseConnection.php(607): CodeIgniter\Database\BaseConnection->simpleQuery()
 3 APPPATH/Models/Db_model.php(22): CodeIgniter\Database\BaseConnection->query()
 4 APPPATH/Controllers/Actualite.php(22): App\Models\Db_model->get_actualite()
 5 SYSTEMPATH/CodeIgniter.php(941): App\Controllers\Actualite->afficher()
 6 SYSTEMPATH/CodeIgniter.php(502): CodeIgniter\CodeIgniter->runController()
 7 SYSTEMPATH/CodeIgniter.php(361): CodeIgniter\CodeIgniter->handleRequest()
 8 FCPATH/index.php(79): CodeIgniter\CodeIgniter->run()
CRITICAL - 2024-11-04 18:13:53 --> [Caused by] mysqli_sql_exception: Table 'e22406560_db2.t_actualite_act' doesn't exist
in SYSTEMPATH/Database/MySQLi/Connection.php on line 306.
 1 SYSTEMPATH/Database/MySQLi/Connection.php(306): mysqli->query()
 2 SYSTEMPATH/Database/BaseConnection.php(693): CodeIgniter\Database\MySQLi\Connection->execute()
 3 SYSTEMPATH/Database/BaseConnection.php(607): CodeIgniter\Database\BaseConnection->simpleQuery()
 4 APPPATH/Models/Db_model.php(22): CodeIgniter\Database\BaseConnection->query()
 5 APPPATH/Controllers/Actualite.php(22): App\Models\Db_model->get_actualite()
 6 SYSTEMPATH/CodeIgniter.php(941): App\Controllers\Actualite->afficher()
 7 SYSTEMPATH/CodeIgniter.php(502): CodeIgniter\CodeIgniter->runController()
 8 SYSTEMPATH/CodeIgniter.php(361): CodeIgniter\CodeIgniter->handleRequest()
 9 FCPATH/index.php(79): CodeIgniter\CodeIgniter->run()
ERROR - 2024-11-04 18:14:59 --> mysqli_sql_exception: Unknown column 'ACT_idAtualite' in 'where clause' in /home/2024DIFAL3/e22406560/public_html/V1/ci/system/Database/MySQLi/Connection.php:306
Stack trace:
#0 /home/2024DIFAL3/e22406560/public_html/V1/ci/system/Database/MySQLi/Connection.php(306): mysqli->query()
#1 /home/2024DIFAL3/e22406560/public_html/V1/ci/system/Database/BaseConnection.php(693): CodeIgniter\Database\MySQLi\Connection->execute()
#2 /home/2024DIFAL3/e22406560/public_html/V1/ci/system/Database/BaseConnection.php(607): CodeIgniter\Database\BaseConnection->simpleQuery()
#3 /home/2024DIFAL3/e22406560/public_html/V1/ci/app/Models/Db_model.php(22): CodeIgniter\Database\BaseConnection->query()
#4 /home/2024DIFAL3/e22406560/public_html/V1/ci/app/Controllers/Actualite.php(22): App\Models\Db_model->get_actualite()
#5 /home/2024DIFAL3/e22406560/public_html/V1/ci/system/CodeIgniter.php(941): App\Controllers\Actualite->afficher()
#6 /home/2024DIFAL3/e22406560/public_html/V1/ci/system/CodeIgniter.php(502): CodeIgniter\CodeIgniter->runController()
#7 /home/2024DIFAL3/e22406560/public_html/V1/ci/system/CodeIgniter.php(361): CodeIgniter\CodeIgniter->handleRequest()
#8 /home/2024DIFAL3/e22406560/public_html/V1/ci/public/index.php(79): CodeIgniter\CodeIgniter->run()
#9 {main}
CRITICAL - 2024-11-04 18:14:59 --> CodeIgniter\Database\Exceptions\DatabaseException: Unknown column 'ACT_idAtualite' in 'where clause'
in SYSTEMPATH/Database/BaseConnection.php on line 647.
 1 APPPATH/Models/Db_model.php(22): CodeIgniter\Database\BaseConnection->query()
 2 APPPATH/Controllers/Actualite.php(22): App\Models\Db_model->get_actualite()
 3 SYSTEMPATH/CodeIgniter.php(941): App\Controllers\Actualite->afficher()
 4 SYSTEMPATH/CodeIgniter.php(502): CodeIgniter\CodeIgniter->runController()
 5 SYSTEMPATH/CodeIgniter.php(361): CodeIgniter\CodeIgniter->handleRequest()
 6 FCPATH/index.php(79): CodeIgniter\CodeIgniter->run()
CRITICAL - 2024-11-04 18:14:59 --> [Caused by] CodeIgniter\Database\Exceptions\DatabaseException: Unknown column 'ACT_idAtualite' in 'where clause'
in SYSTEMPATH/Database/MySQLi/Connection.php on line 311.
 1 SYSTEMPATH/Database/BaseConnection.php(693): CodeIgniter\Database\MySQLi\Connection->execute()
 2 SYSTEMPATH/Database/BaseConnection.php(607): CodeIgniter\Database\BaseConnection->simpleQuery()
 3 APPPATH/Models/Db_model.php(22): CodeIgniter\Database\BaseConnection->query()
 4 APPPATH/Controllers/Actualite.php(22): App\Models\Db_model->get_actualite()
 5 SYSTEMPATH/CodeIgniter.php(941): App\Controllers\Actualite->afficher()
 6 SYSTEMPATH/CodeIgniter.php(502): CodeIgniter\CodeIgniter->runController()
 7 SYSTEMPATH/CodeIgniter.php(361): CodeIgniter\CodeIgniter->handleRequest()
 8 FCPATH/index.php(79): CodeIgniter\CodeIgniter->run()
CRITICAL - 2024-11-04 18:14:59 --> [Caused by] mysqli_sql_exception: Unknown column 'ACT_idAtualite' in 'where clause'
in SYSTEMPATH/Database/MySQLi/Connection.php on line 306.
 1 SYSTEMPATH/Database/MySQLi/Connection.php(306): mysqli->query()
 2 SYSTEMPATH/Database/BaseConnection.php(693): CodeIgniter\Database\MySQLi\Connection->execute()
 3 SYSTEMPATH/Database/BaseConnection.php(607): CodeIgniter\Database\BaseConnection->simpleQuery()
 4 APPPATH/Models/Db_model.php(22): CodeIgniter\Database\BaseConnection->query()
 5 APPPATH/Controllers/Actualite.php(22): App\Models\Db_model->get_actualite()
 6 SYSTEMPATH/CodeIgniter.php(941): App\Controllers\Actualite->afficher()
 7 SYSTEMPATH/CodeIgniter.php(502): CodeIgniter\CodeIgniter->runController()
 8 SYSTEMPATH/CodeIgniter.php(361): CodeIgniter\CodeIgniter->handleRequest()
 9 FCPATH/index.php(79): CodeIgniter\CodeIgniter->run()
CRITICAL - 2024-11-04 18:15:33 --> ErrorException: Undefined property: stdClass::$act_id
in APPPATH/Views/affichage_actualite.php on line 4.
 1 APPPATH/Views/affichage_actualite.php(4): CodeIgniter\Debug\Exceptions->errorHandler()
 2 SYSTEMPATH/View/View.php(228): include('/home/2024DIFAL3/e22406560/public_html/V1/ci/app/Views/affichage_actualite.php')
 3 SYSTEMPATH/View/View.php(231): CodeIgniter\View\View->CodeIgniter\View\{closure}()
 4 SYSTEMPATH/Common.php(1178): CodeIgniter\View\View->render()
 5 APPPATH/Controllers/Actualite.php(24): view()
 6 SYSTEMPATH/CodeIgniter.php(941): App\Controllers\Actualite->afficher()
 7 SYSTEMPATH/CodeIgniter.php(502): CodeIgniter\CodeIgniter->runController()
 8 SYSTEMPATH/CodeIgniter.php(361): CodeIgniter\CodeIgniter->handleRequest()
 9 FCPATH/index.php(79): CodeIgniter\CodeIgniter->run()
CRITICAL - 2024-11-04 18:16:10 --> ErrorException: Undefined property: stdClass::$ACT_titre
in APPPATH/Views/affichage_actualite.php on line 6.
 1 APPPATH/Views/affichage_actualite.php(6): CodeIgniter\Debug\Exceptions->errorHandler()
 2 SYSTEMPATH/View/View.php(228): include('/home/2024DIFAL3/e22406560/public_html/V1/ci/app/Views/affichage_actualite.php')
 3 SYSTEMPATH/View/View.php(231): CodeIgniter\View\View->CodeIgniter\View\{closure}()
 4 SYSTEMPATH/Common.php(1178): CodeIgniter\View\View->render()
 5 APPPATH/Controllers/Actualite.php(24): view()
 6 SYSTEMPATH/CodeIgniter.php(941): App\Controllers\Actualite->afficher()
 7 SYSTEMPATH/CodeIgniter.php(502): CodeIgniter\CodeIgniter->runController()
 8 SYSTEMPATH/CodeIgniter.php(361): CodeIgniter\CodeIgniter->handleRequest()
 9 FCPATH/index.php(79): CodeIgniter\CodeIgniter->run()
CRITICAL - 2024-11-04 18:16:19 --> ErrorException: Undefined property: stdClass::$ACT_titre
in APPPATH/Views/affichage_actualite.php on line 6.
 1 APPPATH/Views/affichage_actualite.php(6): CodeIgniter\Debug\Exceptions->errorHandler()
 2 SYSTEMPATH/View/View.php(228): include('/home/2024DIFAL3/e22406560/public_html/V1/ci/app/Views/affichage_actualite.php')
 3 SYSTEMPATH/View/View.php(231): CodeIgniter\View\View->CodeIgniter\View\{closure}()
 4 SYSTEMPATH/Common.php(1178): CodeIgniter\View\View->render()
 5 APPPATH/Controllers/Actualite.php(24): view()
 6 SYSTEMPATH/CodeIgniter.php(941): App\Controllers\Actualite->afficher()
 7 SYSTEMPATH/CodeIgniter.php(502): CodeIgniter\CodeIgniter->runController()
 8 SYSTEMPATH/CodeIgniter.php(361): CodeIgniter\CodeIgniter->handleRequest()
 9 FCPATH/index.php(79): CodeIgniter\CodeIgniter->run()
CRITICAL - 2024-11-04 18:35:07 --> ParseError: syntax error, unexpected token "foreach", expecting "," or ";"
in APPPATH/Views/affichage_comptes.php on line 6.
 1 SYSTEMPATH/View/View.php(231): CodeIgniter\View\View->CodeIgniter\View\{closure}()
 2 SYSTEMPATH/Common.php(1178): CodeIgniter\View\View->render()
 3 APPPATH/Controllers/Compte.php(18): view()
 4 SYSTEMPATH/CodeIgniter.php(941): App\Controllers\Compte->lister()
 5 SYSTEMPATH/CodeIgniter.php(502): CodeIgniter\CodeIgniter->runController()
 6 SYSTEMPATH/CodeIgniter.php(361): CodeIgniter\CodeIgniter->handleRequest()
 7 FCPATH/index.php(79): CodeIgniter\CodeIgniter->run()
CRITICAL - 2024-11-04 18:36:19 --> ParseError: syntax error, unexpected token "echo", expecting "," or ";"
in APPPATH/Views/affichage_comptes.php on line 6.
 1 SYSTEMPATH/View/View.php(231): CodeIgniter\View\View->CodeIgniter\View\{closure}()
 2 SYSTEMPATH/Common.php(1178): CodeIgniter\View\View->render()
 3 APPPATH/Controllers/Compte.php(18): view()
 4 SYSTEMPATH/CodeIgniter.php(941): App\Controllers\Compte->lister()
 5 SYSTEMPATH/CodeIgniter.php(502): CodeIgniter\CodeIgniter->runController()
 6 SYSTEMPATH/CodeIgniter.php(361): CodeIgniter\CodeIgniter->handleRequest()
 7 FCPATH/index.php(79): CodeIgniter\CodeIgniter->run()
CRITICAL - 2024-11-04 18:37:36 --> ParseError: syntax error, unexpected token "echo", expecting "," or ";"
in APPPATH/Views/affichage_comptes.php on line 5.
 1 SYSTEMPATH/View/View.php(231): CodeIgniter\View\View->CodeIgniter\View\{closure}()
 2 SYSTEMPATH/Common.php(1178): CodeIgniter\View\View->render()
 3 APPPATH/Controllers/Compte.php(18): view()
 4 SYSTEMPATH/CodeIgniter.php(941): App\Controllers\Compte->lister()
 5 SYSTEMPATH/CodeIgniter.php(502): CodeIgniter\CodeIgniter->runController()
 6 SYSTEMPATH/CodeIgniter.php(361): CodeIgniter\CodeIgniter->handleRequest()
 7 FCPATH/index.php(79): CodeIgniter\CodeIgniter->run()
CRITICAL - 2024-11-04 18:54:30 --> CodeIgniter\View\Exceptions\ViewException: Invalid file: "affichage_acceuil.php"
in SYSTEMPATH/Exceptions/FrameworkException.php on line 39.
 1 SYSTEMPATH/View/View.php(216): CodeIgniter\Exceptions\FrameworkException::forInvalidFile()
 2 SYSTEMPATH/Common.php(1178): CodeIgniter\View\View->render()
 3 APPPATH/Controllers/Accueil.php(28): view()
 4 SYSTEMPATH/CodeIgniter.php(941): App\Controllers\Accueil->lister()
 5 SYSTEMPATH/CodeIgniter.php(502): CodeIgniter\CodeIgniter->runController()
 6 SYSTEMPATH/CodeIgniter.php(361): CodeIgniter\CodeIgniter->handleRequest()
 7 FCPATH/index.php(79): CodeIgniter\CodeIgniter->run()
CRITICAL - 2024-11-04 18:55:05 --> ErrorException: Undefined array key "ACT_Titre"
in APPPATH/Views/affichage_accueil.php on line 14.
 1 APPPATH/Views/affichage_accueil.php(14): CodeIgniter\Debug\Exceptions->errorHandler()
 2 SYSTEMPATH/View/View.php(228): include('/home/2024DIFAL3/e22406560/public_html/V1/ci/app/Views/affichage_accueil.php')
 3 SYSTEMPATH/View/View.php(231): CodeIgniter\View\View->CodeIgniter\View\{closure}()
 4 SYSTEMPATH/Common.php(1178): CodeIgniter\View\View->render()
 5 APPPATH/Controllers/Accueil.php(28): view()
 6 SYSTEMPATH/CodeIgniter.php(941): App\Controllers\Accueil->lister()
 7 SYSTEMPATH/CodeIgniter.php(502): CodeIgniter\CodeIgniter->runController()
 8 SYSTEMPATH/CodeIgniter.php(361): CodeIgniter\CodeIgniter->handleRequest()
 9 FCPATH/index.php(79): CodeIgniter\CodeIgniter->run()
CRITICAL - 2024-11-04 18:56:08 --> ErrorException: Undefined array key "ACT_Titre"
in APPPATH/Views/affichage_accueil.php on line 14.
 1 APPPATH/Views/affichage_accueil.php(14): CodeIgniter\Debug\Exceptions->errorHandler()
 2 SYSTEMPATH/View/View.php(228): include('/home/2024DIFAL3/e22406560/public_html/V1/ci/app/Views/affichage_accueil.php')
 3 SYSTEMPATH/View/View.php(231): CodeIgniter\View\View->CodeIgniter\View\{closure}()
 4 SYSTEMPATH/Common.php(1178): CodeIgniter\View\View->render()
 5 APPPATH/Controllers/Accueil.php(28): view()
 6 SYSTEMPATH/CodeIgniter.php(941): App\Controllers\Accueil->lister()
 7 SYSTEMPATH/CodeIgniter.php(502): CodeIgniter\CodeIgniter->runController()
 8 SYSTEMPATH/CodeIgniter.php(361): CodeIgniter\CodeIgniter->handleRequest()
 9 FCPATH/index.php(79): CodeIgniter\CodeIgniter->run()
CRITICAL - 2024-11-04 18:56:20 --> ErrorException: Undefined array key "ACT_datePub"
in APPPATH/Views/affichage_accueil.php on line 16.
 1 APPPATH/Views/affichage_accueil.php(16): CodeIgniter\Debug\Exceptions->errorHandler()
 2 SYSTEMPATH/View/View.php(228): include('/home/2024DIFAL3/e22406560/public_html/V1/ci/app/Views/affichage_accueil.php')
 3 SYSTEMPATH/View/View.php(231): CodeIgniter\View\View->CodeIgniter\View\{closure}()
 4 SYSTEMPATH/Common.php(1178): CodeIgniter\View\View->render()
 5 APPPATH/Controllers/Accueil.php(28): view()
 6 SYSTEMPATH/CodeIgniter.php(941): App\Controllers\Accueil->lister()
 7 SYSTEMPATH/CodeIgniter.php(502): CodeIgniter\CodeIgniter->runController()
 8 SYSTEMPATH/CodeIgniter.php(361): CodeIgniter\CodeIgniter->handleRequest()
 9 FCPATH/index.php(79): CodeIgniter\CodeIgniter->run()
CRITICAL - 2024-11-04 19:11:15 --> ParseError: syntax error, unexpected token "else", expecting end of file
in APPPATH/Views/affichage_accueil.php on line 26.
 1 SYSTEMPATH/View/View.php(231): CodeIgniter\View\View->CodeIgniter\View\{closure}()
 2 SYSTEMPATH/Common.php(1178): CodeIgniter\View\View->render()
 3 APPPATH/Controllers/Accueil.php(28): view()
 4 SYSTEMPATH/CodeIgniter.php(941): App\Controllers\Accueil->lister()
 5 SYSTEMPATH/CodeIgniter.php(502): CodeIgniter\CodeIgniter->runController()
 6 SYSTEMPATH/CodeIgniter.php(361): CodeIgniter\CodeIgniter->handleRequest()
 7 FCPATH/index.php(79): CodeIgniter\CodeIgniter->run()
CRITICAL - 2024-11-04 19:12:06 --> ParseError: syntax error, unexpected token "else", expecting end of file
in APPPATH/Views/affichage_accueil.php on line 26.
 1 SYSTEMPATH/View/View.php(231): CodeIgniter\View\View->CodeIgniter\View\{closure}()
 2 SYSTEMPATH/Common.php(1178): CodeIgniter\View\View->render()
 3 APPPATH/Controllers/Accueil.php(28): view()
 4 SYSTEMPATH/CodeIgniter.php(941): App\Controllers\Accueil->lister()
 5 SYSTEMPATH/CodeIgniter.php(502): CodeIgniter\CodeIgniter->runController()
 6 SYSTEMPATH/CodeIgniter.php(361): CodeIgniter\CodeIgniter->handleRequest()
 7 FCPATH/index.php(79): CodeIgniter\CodeIgniter->run()
CRITICAL - 2024-11-04 19:49:43 --> CodeIgniter\View\Exceptions\ViewException: Invalid file: "affichage_concours.php"
in SYSTEMPATH/Exceptions/FrameworkException.php on line 39.
 1 SYSTEMPATH/View/View.php(216): CodeIgniter\Exceptions\FrameworkException::forInvalidFile()
 2 SYSTEMPATH/Common.php(1178): CodeIgniter\View\View->render()
 3 APPPATH/Controllers/Concours.php(20): view()
 4 SYSTEMPATH/CodeIgniter.php(941): App\Controllers\Concours->lister()
 5 SYSTEMPATH/CodeIgniter.php(502): CodeIgniter\CodeIgniter->runController()
 6 SYSTEMPATH/CodeIgniter.php(361): CodeIgniter\CodeIgniter->handleRequest()
 7 FCPATH/index.php(79): CodeIgniter\CodeIgniter->run()
CRITICAL - 2024-11-04 19:50:21 --> ParseError: syntax error, unexpected token ")"
in APPPATH/Views/affichage_concours.php on line 18.
 1 SYSTEMPATH/View/View.php(231): CodeIgniter\View\View->CodeIgniter\View\{closure}()
 2 SYSTEMPATH/Common.php(1178): CodeIgniter\View\View->render()
 3 APPPATH/Controllers/Concours.php(20): view()
 4 SYSTEMPATH/CodeIgniter.php(941): App\Controllers\Concours->lister()
 5 SYSTEMPATH/CodeIgniter.php(502): CodeIgniter\CodeIgniter->runController()
 6 SYSTEMPATH/CodeIgniter.php(361): CodeIgniter\CodeIgniter->handleRequest()
 7 FCPATH/index.php(79): CodeIgniter\CodeIgniter->run()
CRITICAL - 2024-11-04 21:38:53 --> ErrorException: Undefined variable $titre
in APPPATH/Views/affichage_accueil.php on line 1.
 1 APPPATH/Views/affichage_accueil.php(1): CodeIgniter\Debug\Exceptions->errorHandler()
 2 SYSTEMPATH/View/View.php(228): include('/home/2024DIFAL3/e22406560/public_html/V1/ci/app/Views/affichage_accueil.php')
 3 SYSTEMPATH/View/View.php(231): CodeIgniter\View\View->CodeIgniter\View\{closure}()
 4 SYSTEMPATH/Common.php(1178): CodeIgniter\View\View->render()
 5 APPPATH/Controllers/Accueil.php(10): view()
 6 SYSTEMPATH/CodeIgniter.php(941): App\Controllers\Accueil->afficher()
 7 SYSTEMPATH/CodeIgniter.php(502): CodeIgniter\CodeIgniter->runController()
 8 SYSTEMPATH/CodeIgniter.php(361): CodeIgniter\CodeIgniter->handleRequest()
 9 FCPATH/index.php(79): CodeIgniter\CodeIgniter->run()
CRITICAL - 2024-11-04 21:40:15 --> ErrorException: Undefined variable $titre
in APPPATH/Views/affichage_accueil.php on line 1.
 1 APPPATH/Views/affichage_accueil.php(1): CodeIgniter\Debug\Exceptions->errorHandler()
 2 SYSTEMPATH/View/View.php(228): include('/home/2024DIFAL3/e22406560/public_html/V1/ci/app/Views/affichage_accueil.php')
 3 SYSTEMPATH/View/View.php(231): CodeIgniter\View\View->CodeIgniter\View\{closure}()
 4 SYSTEMPATH/Common.php(1178): CodeIgniter\View\View->render()
 5 APPPATH/Controllers/Accueil.php(17): view()
 6 SYSTEMPATH/CodeIgniter.php(941): App\Controllers\Accueil->admin()
 7 SYSTEMPATH/CodeIgniter.php(502): CodeIgniter\CodeIgniter->runController()
 8 SYSTEMPATH/CodeIgniter.php(361): CodeIgniter\CodeIgniter->handleRequest()
 9 FCPATH/index.php(79): CodeIgniter\CodeIgniter->run()
CRITICAL - 2024-11-04 21:40:29 --> ErrorException: Undefined variable $titre
in APPPATH/Views/affichage_accueil.php on line 1.
 1 APPPATH/Views/affichage_accueil.php(1): CodeIgniter\Debug\Exceptions->errorHandler()
 2 SYSTEMPATH/View/View.php(228): include('/home/2024DIFAL3/e22406560/public_html/V1/ci/app/Views/affichage_accueil.php')
 3 SYSTEMPATH/View/View.php(231): CodeIgniter\View\View->CodeIgniter\View\{closure}()
 4 SYSTEMPATH/Common.php(1178): CodeIgniter\View\View->render()
 5 APPPATH/Controllers/Accueil.php(17): view()
 6 SYSTEMPATH/CodeIgniter.php(941): App\Controllers\Accueil->admin()
 7 SYSTEMPATH/CodeIgniter.php(502): CodeIgniter\CodeIgniter->runController()
 8 SYSTEMPATH/CodeIgniter.php(361): CodeIgniter\CodeIgniter->handleRequest()
 9 FCPATH/index.php(79): CodeIgniter\CodeIgniter->run()
